Command connection accepted
COLORFPing
DRAWMURS  0,0 1,0 2,0 3,0 4,0 5,0 6,0 7,0 8,0 9,0 10,0 11,0 12,0 13,0 14,0 15,0 16,0 17,0 18,0 19,0 20,0 21,0 22,0 23,0 24,0 25,0 26,0 27,0 28,0 29,0 30,0 31,0 32,0 33,0 34,0 35,0 36,0 37,0 38,0 39,0 40,0 41,0 42,0 43,0 44,0 45,0 46,0 47,0 48,0 49,0 50,0 51,0 52,0 53,0 54,0 55,0 56,0 57,0 58,0 59,0 60,0 61,0 62,0 63,0 64,0 65,0 66,0 67,0 68,0 69,0 70,0 71,0 72,0 73,0 74,0 75,0 76,0 77,0 78,0 79,0 80,0 81,0 82,0 83,0 84,0 85,0 86,0 87,0 88,0 89,0 90,0 91,0 92,0 
DRAWMURS  0,1 20,1 92,1 
DRAWMURS  0,2 20,2 92,2 
DRAWMURS  0,3 20,3 92,3 
DRAWMURS  0,4 20,4 21,4 92,4 
DRAWMURS  0,5 20,5 22,5 92,5 
DRAWMURS  0,6 20,6 23,6 92,6 
DRAWMURS  0,7 7,7 8,7 9,7 10,7 11,7 12,7 13,7 14,7 15,7 16,7 17,7 18,7 19,7 20,7 24,7 92,7 
DRAWMURS  0,8 7,8 20,8 25,8 92,8 
DRAWMURS  0,9 7,9 20,9 26,9 92,9 
DRAWMURS  0,10 7,10 20,10 27,10 46,10 47,10 48,10 49,10 50,10 51,10 52,10 53,10 54,10 55,10 56,10 92,10 
DRAWMURS  0,11 7,11 20,11 27,11 46,11 56,11 92,11 
DRAWMURS  0,12 7,12 20,12 27,12 46,12 56,12 92,12 
DRAWMURS  0,13 7,13 20,13 27,13 46,13 56,13 92,13 
DRAWMURS  0,14 7,14 20,14 27,14 46,14 56,14 92,14 
DRAWMURS  0,15 7,15 20,15 27,15 46,15 56,15 92,15 
DRAWMURS  0,16 7,16 20,16 27,16 46,16 56,16 92,16 
DRAWMURS  0,17 7,17 20,17 27,17 46,17 56,17 92,17 
DRAWMURS  0,18 7,18 20,18 27,18 46,18 56,18 92,18 
DRAWMURS  0,19 7,19 20,19 27,19 46,19 56,19 92,19 
DRAWMURS  0,20 7,20 20,20 27,20 46,20 56,20 92,20 
DRAWMURS  0,21 7,21 20,21 27,21 46,21 56,21 92,21 
DRAWMURS  0,22 7,22 20,22 27,22 46,22 56,22 92,22 
DRAWMURS  0,23 7,23 20,23 27,23 46,23 56,23 92,23 
DRAWMURS  0,24 7,24 20,24 27,24 46,24 56,24 92,24 
DRAWMURS  0,25 7,25 20,25 27,25 46,25 56,25 92,25 
DRAWMURS  0,26 7,26 20,26 27,26 46,26 56,26 92,26 
DRAWMURS  0,27 7,27 20,27 27,27 46,27 56,27 92,27 
DRAWMURS  0,28 7,28 20,28 27,28 46,28 47,28 48,28 49,28 50,28 51,28 52,28 53,28 54,28 55,28 56,28 92,28 
DRAWMURS  0,29 7,29 20,29 27,29 92,29 
DRAWMURS  0,30 7,30 20,30 27,30 92,30 
DRAWMURS  0,31 7,31 20,31 27,31 92,31 
DRAWMURS  0,32 7,32 20,32 27,32 64,32 65,32 66,32 67,32 68,32 69,32 70,32 71,32 72,32 73,32 74,32 75,32 76,32 77,32 78,32 79,32 80,32 81,32 82,32 92,32 
DRAWMURS  0,33 7,33 20,33 27,33 64,33 82,33 92,33 
DRAWMURS  0,34 7,34 20,34 27,34 64,34 82,34 92,34 
DRAWMURS  0,35 7,35 20,35 27,35 64,35 82,35 92,35 
DRAWMURS  0,36 7,36 20,36 27,36 64,36 82,36 92,36 
DRAWMURS  0,37 7,37 20,37 27,37 64,37 82,37 92,37 
DRAWMURS  0,38 7,38 20,38 27,38 64,38 82,38 92,38 
DRAWMURS  0,39 7,39 20,39 27,39 64,39 82,39 92,39 
DRAWMURS  0,40 7,40 20,40 27,40 64,40 82,40 92,40 
DRAWMURS  0,41 7,41 20,41 27,41 64,41 82,41 92,41 
DRAWMURS  0,42 7,42 20,42 27,42 64,42 65,42 66,42 67,42 68,42 69,42 70,42 71,42 72,42 73,42 74,42 75,42 76,42 77,42 78,42 79,42 80,42 81,42 82,42 92,42 
DRAWMURS  0,43 7,43 20,43 27,43 92,43 
DRAWMURS  0,44 7,44 20,44 27,44 92,44 
DRAWMURS  0,45 7,45 8,45 9,45 10,45 20,45 27,45 92,45 
DRAWMURS  0,46 10,46 20,46 27,46 92,46 
DRAWMURS  0,47 10,47 20,47 27,47 92,47 
DRAWMURS  0,48 10,48 20,48 27,48 92,48 
DRAWMURS  0,49 10,49 20,49 27,49 92,49 
DRAWMURS  0,50 10,50 20,50 21,50 22,50 23,50 24,50 25,50 26,50 27,50 87,50 88,50 89,50 90,50 91,50 92,50 
DRAWMURS  0,51 10,51 87,51 92,51 
DRAWMURS  0,52 10,52 87,52 92,52 
DRAWMURS  0,53 10,53 87,53 92,53 
DRAWMURS  0,54 10,54 87,54 92,54 
DRAWMURS  0,55 10,55 87,55 92,55 
DRAWMURS  0,56 10,56 87,56 92,56 
DRAWMURS  0,57 10,57 87,57 92,57 
DRAWMURS  0,58 1,58 2,58 3,58 4,58 5,58 6,58 7,58 8,58 9,58 10,58 87,58 92,58 
DRAWMURS  10,59 87,59 92,59 
DRAWMURS  10,60 87,60 92,60 
DRAWMURS  10,61 87,61 92,61 
DRAWMURS  10,62 87,62 92,62 
DRAWMURS  10,63 87,63 92,63 
DRAWMURS  10,64 87,64 92,64 
DRAWMURS  10,65 87,65 92,65 
DRAWMURS  10,66 87,66 92,66 
DRAWMURS  10,67 87,67 88,67 89,67 90,67 91,67 92,67 
DRAWMURS  10,68 92,68 
DRAWMURS  10,69 92,69 
DRAWMURS  10,70 92,70 
DRAWMURS  10,71 92,71 
DRAWMURS  10,72 92,72 
DRAWMURS  10,73 92,73 
DRAWMURS  10,74 92,74 
DRAWMURS  10,75 92,75 
DRAWMURS  10,76 92,76 
DRAWMURS  10,77 92,77 
DRAWMURS  10,78 11,78 12,78 13,78 14,78 15,78 16,78 17,78 18,78 19,78 20,78 21,78 22,78 23,78 24,78 25,78 26,78 27,78 28,78 29,78 30,78 31,78 32,78 33,78 34,78 35,78 36,78 37,78 38,78 47,78 48,78 49,78 50,78 51,78 52,78 53,78 54,78 55,78 56,78 57,78 58,78 59,78 60,78 61,78 62,78 63,78 64,78 65,78 66,78 67,78 68,78 69,78 70,78 71,78 72,78 73,78 74,78 75,78 76,78 77,78 78,78 79,78 80,78 81,78 82,78 83,78 84,78 85,78 86,78 87,78 88,78 89,78 90,78 91,78 92,78 
DRAWMURS  19,79 47,79 76,79 
DRAWMURS  19,80 47,80 76,80 
DRAWMURS  19,81 47,81 76,81 
DRAWMURS  19,82 47,82 76,82 
DRAWMURS  19,83 47,83 76,83 
DRAWMURS  19,84 47,84 76,84 
DRAWMURS  19,85 47,85 76,85 
DRAWMURS  19,86 29,86 30,86 31,86 32,86 33,86 34,86 35,86 36,86 37,86 38,86 47,86 76,86 
DRAWMURS  19,87 29,87 38,87 47,87 76,87 
DRAWMURS  19,88 29,88 38,88 47,88 76,88 
DRAWMURS  19,89 29,89 38,89 47,89 76,89 
DRAWMURS  19,90 29,90 38,90 47,90 76,90 
DRAWMURS  19,91 29,91 38,91 47,91 76,91 
DRAWMURS  19,92 29,92 38,92 47,92 76,92 
DRAWMURS  19,93 29,93 38,93 47,93 76,93 
DRAWMURS  19,94 20,94 21,94 22,94 23,94 24,94 25,94 26,94 27,94 28,94 29,94 30,94 31,94 32,94 33,94 34,94 35,94 36,94 37,94 38,94 47,94 76,94 
DRAWMURS  38,95 47,95 76,95 
DRAWMURS  38,96 47,96 76,96 
DRAWMURS  38,97 47,97 76,97 
DRAWMURS  38,98 47,98 76,98 
DRAWMURS  38,99 47,99 76,99 
DRAWMURS  38,100 47,100 76,100 
DRAWMURS  38,101 47,101 76,101 
DRAWMURS  38,102 47,102 76,102 
DRAWMURS  38,103 47,103 76,103 
DRAWMURS  38,104 47,104 76,104 
DRAWMURS  38,105 76,105 
DRAWMURS  38,106 76,106 
DRAWMURS  38,107 76,107 
DRAWMURS  38,108 76,108 
DRAWMURS  38,109 76,109 
DRAWMURS  38,110 76,110 
DRAWMURS  38,111 76,111 
DRAWMURS  38,112 76,112 
DRAWMURS  38,113 47,113 76,113 
DRAWMURS  10,114 11,114 12,114 13,114 14,114 15,114 16,114 17,114 18,114 19,114 20,114 21,114 22,114 23,114 24,114 25,114 26,114 27,114 28,114 38,114 47,114 48,114 49,114 50,114 51,114 52,114 53,114 54,114 55,114 56,114 57,114 58,114 59,114 60,114 61,114 62,114 63,114 64,114 65,114 66,114 67,114 68,114 69,114 70,114 71,114 72,114 73,114 74,114 75,114 76,114 77,114 78,114 79,114 80,114 81,114 82,114 83,114 84,114 85,114 86,114 87,114 88,114 89,114 90,114 91,114 92,114 
DRAWMURS  10,115 28,115 38,115 49,115 53,115 75,115 92,115 
DRAWMURS  10,116 28,116 38,116 49,116 53,116 75,116 92,116 
DRAWMURS  10,117 28,117 38,117 49,117 53,117 75,117 92,117 
DRAWMURS  10,118 28,118 38,118 49,118 53,118 75,118 92,118 
DRAWMURS  10,119 28,119 38,119 49,119 53,119 75,119 92,119 
DRAWMURS  10,120 28,120 38,120 49,120 53,120 75,120 92,120 
DRAWMURS  10,121 28,121 38,121 49,121 53,121 75,121 92,121 
DRAWMURS  10,122 28,122 38,122 49,122 53,122 75,122 92,122 
DRAWMURS  10,123 28,123 38,123 49,123 50,123 51,123 52,123 53,123 62,123 63,123 64,123 65,123 66,123 67,123 68,123 69,123 70,123 71,123 72,123 73,123 74,123 75,123 92,123 
DRAWMURS  10,124 28,124 38,124 75,124 92,124 
DRAWMURS  10,125 28,125 38,125 75,125 92,125 
DRAWMURS  10,126 28,126 38,126 75,126 92,126 
DRAWMURS  10,127 28,127 38,127 75,127 92,127 
DRAWMURS  10,128 28,128 38,128 75,128 92,128 
DRAWMURS  10,129 28,129 29,129 30,129 31,129 32,129 33,129 34,129 35,129 36,129 37,129 38,129 75,129 92,129 
DRAWMURS  10,130 28,130 92,130 
DRAWMURS  10,131 92,131 
DRAWMURS  10,132 92,132 
DRAWMURS  10,133 92,133 
DRAWMURS  10,134 92,134 
DRAWMURS  10,135 92,135 
DRAWMURS  10,136 92,136 
DRAWMURS  10,137 92,137 
DRAWMURS  10,138 75,138 92,138 
DRAWMURS  10,139 28,139 37,139 46,139 47,139 48,139 49,139 50,139 51,139 52,139 53,139 54,139 55,139 56,139 57,139 58,139 59,139 60,139 61,139 62,139 63,139 64,139 65,139 74,139 75,139 76,139 77,139 78,139 79,139 80,139 81,139 82,139 83,139 84,139 85,139 86,139 87,139 88,139 89,139 90,139 91,139 92,139 
DRAWMURS  10,140 28,140 37,140 65,140 76,140 92,140 
DRAWMURS  10,141 28,141 37,141 65,141 76,141 92,141 
DRAWMURS  10,142 11,142 12,142 13,142 14,142 15,142 16,142 17,142 18,142 19,142 20,142 21,142 22,142 23,142 24,142 25,142 26,142 27,142 28,142 37,142 65,142 76,142 92,142 
DRAWMURS  10,143 26,143 37,143 65,143 76,143 92,143 
DRAWMURS  10,144 26,144 37,144 65,144 76,144 92,144 
DRAWMURS  10,145 26,145 37,145 65,145 76,145 77,145 78,145 7